<?xml version="1.0" encoding="utf-8"?>
<coverage line-rate="1" branch-rate="0.9848" version="1.9" timestamp="1780522232" lines-covered="188" lines-valid="188" branches-covered="65" branches-valid="66">
  <sources>
    <source>C:\Users\Admin\RiderProjects\ISeeU\</source>
  </sources>
  <packages>
    <package name="ConnectInfo" line-rate="1" branch-rate="1" complexity="6">
      <classes>
        <class name="ConnectInfo.UiaPropertyCatalog" filename="ConnectInfo\UiaPropertyCatalog.cs" line-rate="1" branch-rate="1" complexity="6">
          <methods>
            <method name="TryGet" signature="(System.Int32,ConnectInfo.UiaProperty&amp;)" line-rate="1" branch-rate="1" complexity="1">
              <lines>
                <line number="50" hits="2" branch="False" />
              </lines>
            </method>
            <method name="Get" signature="(System.Int32)" line-rate="1" branch-rate="1" complexity="2">
              <lines>
                <line number="52" hits="9" branch="True" condition-coverage="100% (2/2)">
                  <conditions>
                    <condition number="13" type="jump" coverage="100%" />
                  </conditions>
                </line>
              </lines>
            </method>
            <method name="IsKnown" signature="(System.Int32)" line-rate="1" branch-rate="1" complexity="1">
              <lines>
                <line number="54" hits="5" branch="False" />
              </lines>
            </method>
            <method name="Resolve" signature="(System.Collections.Generic.IEnumerable`1&lt;System.Int32&gt;)" line-rate="1" branch-rate="1" complexity="1">
              <lines>
                <line number="58" hits="1" branch="False" />
              </lines>
            </method>
            <method name=".cctor" signature="()" line-rate="1" branch-rate="1" complexity="1">
              <lines>
                <line number="38" hits="1" branch="False" />
                <line number="39" hits="1" branch="False" />
                <line number="40" hits="1" branch="False" />
                <line number="41" hits="1" branch="False" />
                <line number="42" hits="1" branch="False" />
                <line number="43" hits="1" branch="False" />
                <line number="44" hits="1" branch="False" />
                <line number="45" hits="1" branch="False" />
                <line number="46" hits="1" branch="False" />
                <line number="48" hits="1" branch="False" />
              </lines>
            </method>
          </methods>
          <lines>
            <line number="50" hits="2" branch="False" />
            <line number="52" hits="9" branch="True" condition-coverage="100% (2/2)">
              <conditions>
                <condition number="13" type="jump" coverage="100%" />
              </conditions>
            </line>
            <line number="54" hits="5" branch="False" />
            <line number="58" hits="1" branch="False" />
            <line number="38" hits="1" branch="False" />
            <line number="39" hits="1" branch="False" />
            <line number="40" hits="1" branch="False" />
            <line number="41" hits="1" branch="False" />
            <line number="42" hits="1" branch="False" />
            <line number="43" hits="1" branch="False" />
            <line number="44" hits="1" branch="False" />
            <line number="45" hits="1" branch="False" />
            <line number="46" hits="1" branch="False" />
            <line number="48" hits="1" branch="False" />
          </lines>
        </class>
      </classes>
    </package>
    <package name="ISeeU.Application" line-rate="1" branch-rate="1" complexity="33">
      <classes>
        <class name="ISeeU.Application.Services.SurveillanceManager" filename="ISeeU.Application\Services\SurveillanceManager.cs" line-rate="1" branch-rate="1" complexity="13">
          <methods>
            <method name="Add" signature="(ISeeU.Domain.Interfaces.IElement,System.Int32,System.Action`2&lt;System.Int32,System.Object&gt;)" line-rate="1" branch-rate="1" complexity="1">
              <lines>
                <line number="17" hits="10" branch="False" />
                <line number="18" hits="10" branch="False" />
                <line number="19" hits="10" branch="False" />
                <line number="21" hits="10" branch="False" />
                <line number="22" hits="10" branch="False" />
                <line number="23" hits="10" branch="False" />
                <line number="24" hits="10" branch="False" />
                <line number="25" hits="10" branch="False" />
                <line number="26" hits="10" branch="False" />
                <line number="29" hits="10" branch="False" />
                <line number="30" hits="10" branch="False" />
                <line number="31" hits="10" branch="False" />
              </lines>
            </method>
            <method name="Subscribe" signature="(ISeeU.Domain.Entities.SurveillanceRule)" line-rate="1" branch-rate="1" complexity="1">
              <lines>
                <line number="34" hits="10" branch="False" />
                <line number="35" hits="10" branch="False" />
                <line number="36" hits="10" branch="False" />
                <line number="37" hits="10" branch="False" />
              </lines>
            </method>
            <method name="UnSubscribe" signature="(ConnectInfo.ElementInfo)" line-rate="1" branch-rate="1" complexity="2">
              <lines>
                <line number="40" hits="3" branch="False" />
                <line number="41" hits="3" branch="False" />
                <line number="43" hits="3" branch="False" />
                <line number="44" hits="3" branch="False" />
                <line number="46" hits="3" branch="False" />
                <line number="47" hits="3" branch="False" />
                <line number="48" hits="3" branch="False" />
                <line number="50" hits="13" branch="True" condition-coverage="100% (2/2)">
                  <conditions>
                    <condition number="145" type="jump" coverage="100%" />
                  </conditions>
                </line>
                <line number="51" hits="2" branch="False" />
                <line number="52" hits="2" branch="False" />
                <line number="53" hits="2" branch="False" />
                <line number="54" hits="2" branch="False" />
                <line number="55" hits="3" branch="False" />
                <line number="56" hits="3" branch="False" />
              </lines>
            </method>
            <method name="IsSameElement" signature="(ISeeU.Domain.Interfaces.IElement,ISeeU.Domain.Interfaces.IElement)" line-rate="1" branch-rate="1" complexity="6">
              <lines>
                <line number="59" hits="4" branch="False" />
                <line number="60" hits="4" branch="True" condition-coverage="100% (6/6)">
                  <conditions>
                    <condition number="13" type="jump" coverage="100%" />
                    <condition number="32" type="jump" coverage="100%" />
                    <condition number="62" type="jump" coverage="100%" />
                  </conditions>
                </line>
                <line number="61" hits="4" branch="False" />
                <line number="62" hits="4" branch="False" />
                <line number="63" hits="4" branch="False" />
                <line number="64" hits="4" branch="False" />
              </lines>
            </method>
            <method name="RemoveDeadRules" signature="()" line-rate="1" branch-rate="1" complexity="2">
              <lines>
                <line number="80" hits="1" branch="False" />
                <line number="81" hits="1" branch="False" />
                <line number="82" hits="1" branch="False" />
                <line number="83" hits="1" branch="False" />
                <line number="84" hits="1" branch="False" />
                <line number="85" hits="1" branch="False" />
                <line number="87" hits="5" branch="True" condition-coverage="100% (2/2)">
                  <conditions>
                    <condition number="104" type="jump" coverage="100%" />
                  </conditions>
                </line>
                <line number="88" hits="1" branch="False" />
                <line number="89" hits="1" branch="False" />
                <line number="90" hits="1" branch="False" />
                <line number="91" hits="1" branch="False" />
                <line number="92" hits="1" branch="False" />
                <line number="93" hits="1" branch="False" />
              </lines>
            </method>
            <method name=".ctor" signature="(ISeeU.Application.Contracts.IUIAutomationProvider,ISeeU.Application.Contracts.ITargetFabric)" line-rate="1" branch-rate="1" complexity="1">
              <lines>
                <line number="11" hits="13" branch="False" />
                <line number="12" hits="13" branch="False" />
                <line number="13" hits="13" branch="False" />
                <line number="14" hits="13" branch="False" />
              </lines>
            </method>
          </methods>
          <lines>
            <line number="17" hits="10" branch="False" />
            <line number="18" hits="10" branch="False" />
            <line number="19" hits="10" branch="False" />
            <line number="21" hits="10" branch="False" />
            <line number="22" hits="10" branch="False" />
            <line number="23" hits="10" branch="False" />
            <line number="24" hits="10" branch="False" />
            <line number="25" hits="10" branch="False" />
            <line number="26" hits="10" branch="False" />
            <line number="29" hits="10" branch="False" />
            <line number="30" hits="10" branch="False" />
            <line number="31" hits="10" branch="False" />
            <line number="34" hits="10" branch="False" />
            <line number="35" hits="10" branch="False" />
            <line number="36" hits="10" branch="False" />
            <line number="37" hits="10" branch="False" />
            <line number="40" hits="3" branch="False" />
            <line number="41" hits="3" branch="False" />
            <line number="43" hits="3" branch="False" />
            <line number="44" hits="3" branch="False" />
            <line number="46" hits="3" branch="False" />
            <line number="47" hits="3" branch="False" />
            <line number="48" hits="3" branch="False" />
            <line number="50" hits="13" branch="True" condition-coverage="100% (2/2)">
              <conditions>
                <condition number="145" type="jump" coverage="100%" />
              </conditions>
            </line>
            <line number="51" hits="2" branch="False" />
            <line number="52" hits="2" branch="False" />
            <line number="53" hits="2" branch="False" />
            <line number="54" hits="2" branch="False" />
            <line number="55" hits="3" branch="False" />
            <line number="56" hits="3" branch="False" />
            <line number="59" hits="4" branch="False" />
            <line number="60" hits="4" branch="True" condition-coverage="100% (6/6)">
              <conditions>
                <condition number="13" type="jump" coverage="100%" />
                <condition number="32" type="jump" coverage="100%" />
                <condition number="62" type="jump" coverage="100%" />
              </conditions>
            </line>
            <line number="61" hits="4" branch="False" />
            <line number="62" hits="4" branch="False" />
            <line number="63" hits="4" branch="False" />
            <line number="64" hits="4" branch="False" />
            <line number="80" hits="1" branch="False" />
            <line number="81" hits="1" branch="False" />
            <line number="82" hits="1" branch="False" />
            <line number="83" hits="1" branch="False" />
            <line number="84" hits="1" branch="False" />
            <line number="85" hits="1" branch="False" />
            <line number="87" hits="5" branch="True" condition-coverage="100% (2/2)">
              <conditions>
                <condition number="104" type="jump" coverage="100%" />
              </conditions>
            </line>
            <line number="88" hits="1" branch="False" />
            <line number="89" hits="1" branch="False" />
            <line number="90" hits="1" branch="False" />
            <line number="91" hits="1" branch="False" />
            <line number="92" hits="1" branch="False" />
            <line number="93" hits="1" branch="False" />
            <line number="11" hits="13" branch="False" />
            <line number="12" hits="13" branch="False" />
            <line number="13" hits="13" branch="False" />
            <line number="14" hits="13" branch="False" />
          </lines>
        </class>
        <class name="ISeeU.Application.Services.SurveillanceService" filename="ISeeU.Application\Services\SurveillanceService.cs" line-rate="1" branch-rate="1" complexity="19">
          <methods>
            <method name="FindElementAsync" signature="(System.Int32,System.Int32)" line-rate="1" branch-rate="1" complexity="1">
              <lines>
                <line number="19" hits="1" branch="False" />
                <line number="20" hits="1" branch="False" />
                <line number="24" hits="1" branch="False" />
                <line number="25" hits="1" branch="False" />
                <line number="26" hits="1" branch="False" />
                <line number="27" hits="1" branch="False" />
                <line number="28" hits="1" branch="False" />
                <line number="29" hits="1" branch="False" />
                <line number="30" hits="1" branch="False" />
                <line number="31" hits="1" branch="False" />
                <line number="32" hits="1" branch="False" />
                <line number="34" hits="1" branch="False" />
                <line number="35" hits="1" branch="False" />
              </lines>
            </method>
            <method name="GetSupportedPropertiesAsync" signature="(ConnectInfo.ElementInfo)" line-rate="1" branch-rate="1" complexity="6">
              <lines>
                <line number="38" hits="2" branch="False" />
                <line number="39" hits="2" branch="False" />
                <line number="43" hits="2" branch="False" />
                <line number="44" hits="2" branch="False" />
                <line number="46" hits="26" branch="True" condition-coverage="100% (2/2)">
                  <conditions>
                    <condition number="160" type="jump" coverage="100%" />
                  </conditions>
                </line>
                <line number="47" hits="10" branch="False" />
                <line number="48" hits="10" branch="True" condition-coverage="100% (2/2)">
                  <conditions>
                    <condition number="82" type="jump" coverage="100%" />
                  </conditions>
                </line>
                <line number="49" hits="10" branch="False" />
                <line number="50" hits="10" branch="False" />
                <line number="52" hits="10" branch="True" condition-coverage="100% (2/2)">
                  <conditions>
                    <condition number="137" type="jump" coverage="100%" />
                  </conditions>
                </line>
                <line number="53" hits="4" branch="False" />
                <line number="54" hits="10" branch="False" />
                <line number="56" hits="2" branch="False" />
                <line number="57" hits="2" branch="False" />
              </lines>
            </method>
            <method name="IsTrue" signature="(System.Object)" line-rate="1" branch-rate="1" complexity="4">
              <lines>
                <line number="60" hits="4" branch="True" condition-coverage="100% (4/4)">
                  <conditions>
                    <condition number="6" type="jump" coverage="100%" />
                    <condition number="18" type="jump" coverage="100%" />
                  </conditions>
                </line>
              </lines>
            </method>
            <method name="SubscribeAsync" signature="(ConnectInfo.ElementInfo)" line-rate="1" branch-rate="1" complexity="6">
              <lines>
                <line number="63" hits="5" branch="False" />
                <line number="64" hits="5" branch="True" condition-coverage="100% (4/4)">
                  <conditions>
                    <condition number="15" type="jump" coverage="100%" />
                    <condition number="31" type="jump" coverage="100%" />
                  </conditions>
                </line>
                <line number="65" hits="2" branch="False" />
                <line number="67" hits="3" branch="False" />
                <line number="68" hits="3" branch="False" />
                <line number="70" hits="17" branch="True" condition-coverage="100% (2/2)">
                  <conditions>
                    <condition number="165" type="jump" coverage="100%" />
                  </conditions>
                </line>
                <line number="71" hits="4" branch="False" />
                <line number="72" hits="4" branch="False" />
                <line number="73" hits="4" branch="False" />
                <line number="74" hits="4" branch="False" />
                <line number="75" hits="4" branch="False" />
                <line number="76" hits="4" branch="False" />
                <line number="77" hits="4" branch="False" />
                <line number="78" hits="4" branch="False" />
                <line number="80" hits="3" branch="False" />
                <line number="81" hits="5" branch="False" />
              </lines>
            </method>
            <method name="UnsubscribeAsync" signature="(ConnectInfo.ElementInfo)" line-rate="1" branch-rate="1" complexity="2">
              <lines>
                <line number="84" hits="2" branch="False" />
                <line number="85" hits="2" branch="True" condition-coverage="100% (2/2)">
                  <conditions>
                    <condition number="7" type="jump" coverage="100%" />
                  </conditions>
                </line>
                <line number="86" hits="1" branch="False" />
                <line number="88" hits="2" branch="False" />
                <line number="89" hits="2" branch="False" />
              </lines>
            </method>
          </methods>
          <lines>
            <line number="19" hits="1" branch="False" />
            <line number="20" hits="1" branch="False" />
            <line number="24" hits="1" branch="False" />
            <line number="25" hits="1" branch="False" />
            <line number="26" hits="1" branch="False" />
            <line number="27" hits="1" branch="False" />
            <line number="28" hits="1" branch="False" />
            <line number="29" hits="1" branch="False" />
            <line number="30" hits="1" branch="False" />
            <line number="31" hits="1" branch="False" />
            <line number="32" hits="1" branch="False" />
            <line number="34" hits="1" branch="False" />
            <line number="35" hits="1" branch="False" />
            <line number="38" hits="2" branch="False" />
            <line number="39" hits="2" branch="False" />
            <line number="43" hits="2" branch="False" />
            <line number="44" hits="2" branch="False" />
            <line number="46" hits="26" branch="True" condition-coverage="100% (2/2)">
              <conditions>
                <condition number="160" type="jump" coverage="100%" />
              </conditions>
            </line>
            <line number="47" hits="10" branch="False" />
            <line number="48" hits="10" branch="True" condition-coverage="100% (2/2)">
              <conditions>
                <condition number="82" type="jump" coverage="100%" />
              </conditions>
            </line>
            <line number="49" hits="10" branch="False" />
            <line number="50" hits="10" branch="False" />
            <line number="52" hits="10" branch="True" condition-coverage="100% (2/2)">
              <conditions>
                <condition number="137" type="jump" coverage="100%" />
              </conditions>
            </line>
            <line number="53" hits="4" branch="False" />
            <line number="54" hits="10" branch="False" />
            <line number="56" hits="2" branch="False" />
            <line number="57" hits="2" branch="False" />
            <line number="60" hits="4" branch="True" condition-coverage="100% (4/4)">
              <conditions>
                <condition number="6" type="jump" coverage="100%" />
                <condition number="18" type="jump" coverage="100%" />
              </conditions>
            </line>
            <line number="63" hits="5" branch="False" />
            <line number="64" hits="5" branch="True" condition-coverage="100% (4/4)">
              <conditions>
                <condition number="15" type="jump" coverage="100%" />
                <condition number="31" type="jump" coverage="100%" />
              </conditions>
            </line>
            <line number="65" hits="2" branch="False" />
            <line number="67" hits="3" branch="False" />
            <line number="68" hits="3" branch="False" />
            <line number="70" hits="17" branch="True" condition-coverage="100% (2/2)">
              <conditions>
                <condition number="165" type="jump" coverage="100%" />
              </conditions>
            </line>
            <line number="71" hits="4" branch="False" />
            <line number="72" hits="4" branch="False" />
            <line number="73" hits="4" branch="False" />
            <line number="74" hits="4" branch="False" />
            <line number="75" hits="4" branch="False" />
            <line number="76" hits="4" branch="False" />
            <line number="77" hits="4" branch="False" />
            <line number="78" hits="4" branch="False" />
            <line number="80" hits="3" branch="False" />
            <line number="81" hits="5" branch="False" />
            <line number="84" hits="2" branch="False" />
            <line number="85" hits="2" branch="True" condition-coverage="100% (2/2)">
              <conditions>
                <condition number="7" type="jump" coverage="100%" />
              </conditions>
            </line>
            <line number="86" hits="1" branch="False" />
            <line number="88" hits="2" branch="False" />
            <line number="89" hits="2" branch="False" />
          </lines>
        </class>
        <class name="ISeeU.Application.Convertor.Convertor" filename="ISeeU.Application\Convertor\Convertor.cs" line-rate="1" branch-rate="1" complexity="1">
          <methods>
            <method name="ToDomain" signature="(ConnectInfo.ElementInfo)" line-rate="1" branch-rate="1" complexity="1">
              <lines>
                <line number="11" hits="6" branch="False" />
                <line number="12" hits="6" branch="False" />
                <line number="13" hits="6" branch="False" />
                <line number="14" hits="6" branch="False" />
              </lines>
            </method>
          </methods>
          <lines>
            <line number="11" hits="6" branch="False" />
            <line number="12" hits="6" branch="False" />
            <line number="13" hits="6" branch="False" />
            <line number="14" hits="6" branch="False" />
          </lines>
        </class>
      </classes>
    </package>
    <package name="ISeeU.Domain" line-rate="1" branch-rate="1" complexity="1">
      <classes>
        <class name="ISeeU.Domain.Entities.TargetInfo" filename="ISeeU.Domain\Entities\TargetInfo.cs" line-rate="1" branch-rate="1" complexity="1">
          <methods>
            <method name=".ctor" signature="(ISeeU.Domain.Interfaces.IElement)" line-rate="1" branch-rate="1" complexity="1">
              <lines>
                <line number="7" hits="12" branch="False" />
              </lines>
            </method>
          </methods>
          <lines>
            <line number="7" hits="12" branch="False" />
          </lines>
        </class>
      </classes>
    </package>
    <package name="ISeeU.Infrastructure.Transport" line-rate="1" branch-rate="1" complexity="0">
      <classes />
    </package>
    <package name="ISeeU.Infrastructure.UIAutomation" line-rate="1" branch-rate="0.875" complexity="10">
      <classes>
        <class name="ISeeU.Infrastructure.UIAutomation.WindowsOC.ObserveStrategyResolver" filename="ISeeU.Infrastructure.UIAutomation\WindowsOC\ObserveStrategyResolver.cs" line-rate="1" branch-rate="1" complexity="2">
          <methods>
            <method name="Resolve" signature="(System.Int32)" line-rate="1" branch-rate="1" complexity="2">
              <lines>
                <line number="11" hits="6" branch="True" condition-coverage="100% (2/2)">
                  <conditions>
                    <condition number="7" type="jump" coverage="100%" />
                  </conditions>
                </line>
              </lines>
            </method>
          </methods>
          <lines>
            <line number="11" hits="6" branch="True" condition-coverage="100% (2/2)">
              <conditions>
                <condition number="7" type="jump" coverage="100%" />
              </conditions>
            </line>
          </lines>
        </class>
        <class name="ISeeU.Infrastructure.UIAutomation.WindowsOC.PollingObserver" filename="ISeeU.Infrastructure.UIAutomation\WindowsOC\PollingObserver.cs" line-rate="1" branch-rate="0.8332999999999999" complexity="8">
          <methods>
            <method name="Start" signature="()" line-rate="1" branch-rate="1" complexity="1">
              <lines>
                <line number="37" hits="3" branch="False" />
                <line number="39" hits="3" branch="False" />
                <line number="40" hits="3" branch="False" />
                <line number="41" hits="3" branch="False" />
              </lines>
            </method>
            <method name="PollOnce" signature="()" line-rate="1" branch-rate="1" complexity="4">
              <lines>
                <line number="45" hits="6" branch="False" />
                <line number="46" hits="6" branch="False" />
                <line number="47" hits="6" branch="True" condition-coverage="100% (2/2)">
                  <conditions>
                    <condition number="27" type="jump" coverage="100%" />
                  </conditions>
                </line>
                <line number="48" hits="2" branch="False" />
                <line number="49" hits="2" branch="False" />
                <line number="50" hits="2" branch="True" condition-coverage="100% (2/2)">
                  <conditions>
                    <condition number="51" type="jump" coverage="100%" />
                  </conditions>
                </line>
                <line number="51" hits="2" branch="False" />
                <line number="52" hits="6" branch="False" />
              </lines>
            </method>
            <method name="Stop" signature="()" line-rate="1" branch-rate="0.5" complexity="2">
              <lines>
                <line number="54" hits="3" branch="True" condition-coverage="50% (1/2)">
                  <conditions>
                    <condition number="7" type="jump" coverage="50%" />
                  </conditions>
                </line>
              </lines>
            </method>
            <method name=".ctor" signature="(System.Func`1&lt;System.String&gt;,System.Int32,System.Action`2&lt;System.Int32,System.Object&gt;,System.Int32,System.Int32)" line-rate="1" branch-rate="1" complexity="1">
              <lines>
                <line number="21" hits="3" branch="False" />
                <line number="22" hits="3" branch="False" />
                <line number="23" hits="3" branch="False" />
                <line number="24" hits="3" branch="False" />
                <line number="25" hits="3" branch="False" />
                <line number="26" hits="3" branch="False" />
                <line number="27" hits="3" branch="False" />
              </lines>
            </method>
          </methods>
          <lines>
            <line number="37" hits="3" branch="False" />
            <line number="39" hits="3" branch="False" />
            <line number="40" hits="3" branch="False" />
            <line number="41" hits="3" branch="False" />
            <line number="45" hits="6" branch="False" />
            <line number="46" hits="6" branch="False" />
            <line number="47" hits="6" branch="True" condition-coverage="100% (2/2)">
              <conditions>
                <condition number="27" type="jump" coverage="100%" />
              </conditions>
            </line>
            <line number="48" hits="2" branch="False" />
            <line number="49" hits="2" branch="False" />
            <line number="50" hits="2" branch="True" condition-coverage="100% (2/2)">
              <conditions>
                <condition number="51" type="jump" coverage="100%" />
              </conditions>
            </line>
            <line number="51" hits="2" branch="False" />
            <line number="52" hits="6" branch="False" />
            <line number="54" hits="3" branch="True" condition-coverage="50% (1/2)">
              <conditions>
                <condition number="7" type="jump" coverage="50%" />
              </conditions>
            </line>
            <line number="21" hits="3" branch="False" />
            <line number="22" hits="3" branch="False" />
            <line number="23" hits="3" branch="False" />
            <line number="24" hits="3" branch="False" />
            <line number="25" hits="3" branch="False" />
            <line number="26" hits="3" branch="False" />
            <line number="27" hits="3" branch="False" />
          </lines>
        </class>
      </classes>
    </package>
    <package name="Service" line-rate="1" branch-rate="1" complexity="0">
      <classes />
    </package>
    <package name="Wpf" line-rate="1" branch-rate="1" complexity="31">
      <classes>
        <class name="Wpf.MonitoredElement" filename="Wpf\ViewModel\MainWindow.xaml.cs" line-rate="1" branch-rate="1" complexity="4">
          <methods>
            <method name="get_Name" signature="()" line-rate="1" branch-rate="1" complexity="4">
              <lines>
                <line number="221" hits="2" branch="True" condition-coverage="100% (4/4)">
                  <conditions>
                    <condition number="7" type="jump" coverage="100%" />
                    <condition number="19" type="jump" coverage="100%" />
                  </conditions>
                </line>
              </lines>
            </method>
          </methods>
          <lines>
            <line number="221" hits="2" branch="True" condition-coverage="100% (4/4)">
              <conditions>
                <condition number="7" type="jump" coverage="100%" />
                <condition number="19" type="jump" coverage="100%" />
              </conditions>
            </line>
          </lines>
        </class>
        <class name="Wpf.PropertyChoice" filename="Wpf\ViewModel\MainWindow.xaml.cs" line-rate="1" branch-rate="1" complexity="1">
          <methods>
            <method name="get_KindLabel" signature="()" line-rate="1" branch-rate="1" complexity="1">
              <lines>
                <line number="232" hits="1" branch="False" />
              </lines>
            </method>
          </methods>
          <lines>
            <line number="232" hits="1" branch="False" />
          </lines>
        </class>
        <class name="Wpf.NotificationFormatter" filename="Wpf\ViewModel\NotificationFormatter.cs" line-rate="1" branch-rate="1" complexity="22">
          <methods>
            <method name="Format" signature="(System.String,System.String,System.String)" line-rate="1" branch-rate="1" complexity="22">
              <lines>
                <line number="9" hits="9" branch="False" />
                <line number="10" hits="9" branch="True" condition-coverage="100% (6/6)">
                  <conditions>
                    <condition number="16" type="jump" coverage="100%" />
                    <condition number="29" type="jump" coverage="100%" />
                    <condition number="42" type="jump" coverage="100%" />
                  </conditions>
                </line>
                <line number="11" hits="9" branch="False" />
                <line number="12" hits="2" branch="True" condition-coverage="100% (2/2)">
                  <conditions>
                    <condition number="57" type="jump" coverage="100%" />
                  </conditions>
                </line>
                <line number="13" hits="2" branch="True" condition-coverage="100% (2/2)">
                  <conditions>
                    <condition number="85" type="jump" coverage="100%" />
                  </conditions>
                </line>
                <line number="14" hits="3" branch="True" condition-coverage="100% (4/4)">
                  <conditions>
                    <condition number="117" type="jump" coverage="100%" />
                    <condition number="130" type="jump" coverage="100%" />
                  </conditions>
                </line>
                <line number="15" hits="3" branch="False" />
                <line number="16" hits="1" branch="False" />
                <line number="17" hits="1" branch="False" />
                <line number="18" hits="1" branch="False" />
                <line number="19" hits="3" branch="False" />
                <line number="20" hits="2" branch="False" />
                <line number="21" hits="9" branch="False" />
                <line number="23" hits="9" branch="True" condition-coverage="100% (8/8)">
                  <conditions>
                    <condition number="191" type="jump" coverage="100%" />
                    <condition number="204" type="jump" coverage="100%" />
                    <condition number="217" type="jump" coverage="100%" />
                    <condition number="230" type="jump" coverage="100%" />
                  </conditions>
                </line>
                <line number="24" hits="9" branch="False" />
                <line number="25" hits="2" branch="False" />
                <line number="26" hits="2" branch="False" />
                <line number="27" hits="3" branch="False" />
                <line number="28" hits="1" branch="False" />
                <line number="29" hits="1" branch="False" />
                <line number="30" hits="9" branch="False" />
                <line number="31" hits="9" branch="False" />
              </lines>
            </method>
          </methods>
          <lines>
            <line number="9" hits="9" branch="False" />
            <line number="10" hits="9" branch="True" condition-coverage="100% (6/6)">
              <conditions>
                <condition number="16" type="jump" coverage="100%" />
                <condition number="29" type="jump" coverage="100%" />
                <condition number="42" type="jump" coverage="100%" />
              </conditions>
            </line>
            <line number="11" hits="9" branch="False" />
            <line number="12" hits="2" branch="True" condition-coverage="100% (2/2)">
              <conditions>
                <condition number="57" type="jump" coverage="100%" />
              </conditions>
            </line>
            <line number="13" hits="2" branch="True" condition-coverage="100% (2/2)">
              <conditions>
                <condition number="85" type="jump" coverage="100%" />
              </conditions>
            </line>
            <line number="14" hits="3" branch="True" condition-coverage="100% (4/4)">
              <conditions>
                <condition number="117" type="jump" coverage="100%" />
                <condition number="130" type="jump" coverage="100%" />
              </conditions>
            </line>
            <line number="15" hits="3" branch="False" />
            <line number="16" hits="1" branch="False" />
            <line number="17" hits="1" branch="False" />
            <line number="18" hits="1" branch="False" />
            <line number="19" hits="3" branch="False" />
            <line number="20" hits="2" branch="False" />
            <line number="21" hits="9" branch="False" />
            <line number="23" hits="9" branch="True" condition-coverage="100% (8/8)">
              <conditions>
                <condition number="191" type="jump" coverage="100%" />
                <condition number="204" type="jump" coverage="100%" />
                <condition number="217" type="jump" coverage="100%" />
                <condition number="230" type="jump" coverage="100%" />
              </conditions>
            </line>
            <line number="24" hits="9" branch="False" />
            <line number="25" hits="2" branch="False" />
            <line number="26" hits="2" branch="False" />
            <line number="27" hits="3" branch="False" />
            <line number="28" hits="1" branch="False" />
            <line number="29" hits="1" branch="False" />
            <line number="30" hits="9" branch="False" />
            <line number="31" hits="9" branch="False" />
          </lines>
        </class>
        <class name="Wpf.SubscriptionBuilder" filename="Wpf\ViewModel\SubscriptionBuilder.cs" line-rate="1" branch-rate="1" complexity="4">
          <methods>
            <method name="ToChoice" signature="(ConnectInfo.UiaProperty)" line-rate="1" branch-rate="1" complexity="1">
              <lines>
                <line number="10" hits="1" branch="False" />
                <line number="11" hits="1" branch="False" />
                <line number="12" hits="1" branch="False" />
                <line number="13" hits="1" branch="False" />
                <line number="14" hits="1" branch="False" />
                <line number="15" hits="1" branch="False" />
                <line number="16" hits="1" branch="False" />
                <line number="17" hits="1" branch="False" />
              </lines>
            </method>
            <method name="SelectedProperties" signature="(System.Collections.Generic.IEnumerable`1&lt;Wpf.PropertyChoice&gt;)" line-rate="1" branch-rate="1" complexity="1">
              <lines>
                <line number="21" hits="1" branch="False" />
                <line number="22" hits="1" branch="False" />
                <line number="23" hits="1" branch="False" />
                <line number="24" hits="1" branch="False" />
              </lines>
            </method>
            <method name="Build" signature="(ConnectInfo.ElementInfo,System.Collections.Generic.List`1&lt;ConnectInfo.PropertyInfo&gt;)" line-rate="1" branch-rate="1" complexity="2">
              <lines>
                <line number="27" hits="2" branch="True" condition-coverage="100% (2/2)">
                  <conditions>
                    <condition number="13" type="jump" coverage="100%" />
                  </conditions>
                </line>
                <line number="28" hits="2" branch="False" />
                <line number="29" hits="2" branch="False" />
                <line number="30" hits="2" branch="False" />
                <line number="31" hits="2" branch="False" />
                <line number="32" hits="2" branch="False" />
                <line number="33" hits="2" branch="False" />
                <line number="34" hits="2" branch="False" />
                <line number="35" hits="2" branch="False" />
                <line number="36" hits="2" branch="False" />
              </lines>
            </method>
          </methods>
          <lines>
            <line number="10" hits="1" branch="False" />
            <line number="11" hits="1" branch="False" />
            <line number="12" hits="1" branch="False" />
            <line number="13" hits="1" branch="False" />
            <line number="14" hits="1" branch="False" />
            <line number="15" hits="1" branch="False" />
            <line number="16" hits="1" branch="False" />
            <line number="17" hits="1" branch="False" />
            <line number="21" hits="1" branch="False" />
            <line number="22" hits="1" branch="False" />
            <line number="23" hits="1" branch="False" />
            <line number="24" hits="1" branch="False" />
            <line number="27" hits="2" branch="True" condition-coverage="100% (2/2)">
              <conditions>
                <condition number="13" type="jump" coverage="100%" />
              </conditions>
            </line>
            <line number="28" hits="2" branch="False" />
            <line number="29" hits="2" branch="False" />
            <line number="30" hits="2" branch="False" />
            <line number="31" hits="2" branch="False" />
            <line number="32" hits="2" branch="False" />
            <line number="33" hits="2" branch="False" />
            <line number="34" hits="2" branch="False" />
            <line number="35" hits="2" branch="False" />
            <line number="36" hits="2" branch="False" />
          </lines>
        </class>
      </classes>
    </package>
  </packages>
</coverage>